<?xml version="1.0" encoding="UTF-8"?>
<testsuite xmlns:xsi="http://www.w3.org/2001/XMLSchema-instance" xsi:noNamespaceSchemaLocation="https://maven.apache.org/surefire/maven-surefire-plugin/xsd/surefire-test-report.xsd" name="com.contest.AppTest" time="0.058" tests="5" errors="0" skipped="0" failures="0">
  <properties>
[...]
</properties>
  <testcase name="testOnInputWithNegaitve" classname="com.contest.AppTest" time="0.033"/>
  <testcase name="testOnEmptyArray" classname="com.contest.AppTest" time="0.001"/>
  <testcase name="testOnNullValue" classname="com.contest.AppTest" time="0.001"/>
  <testcase name="testFromSite1" classname="com.contest.AppTest" time="0.001"/>
  <testcase name="testFromSite2" classname="com.contest.AppTest" time="0"/>
</testsuite>